<?xml version="1.0" encoding="UTF-8"?>
<!-- Generated by org.testng.reporters.JUnitXMLReporter -->
<testsuite ignored="0" hostname="DESKTOP-AT7NDDC" failures="1" tests="1" name="Test" time="34.589" errors="0" timestamp="2025-07-24T12:52:34 IST">
  <testcase classname="io.cucumber.testng.AbstractTestNGCucumberTests" name="runScenario" time="32.5">
    <failure type="org.openqa.selenium.NoSuchElementException" message="Cannot locate option with text: selectByValue
For documentation on this error, please visit: https://www.selenium.dev/documentation/webdriver/troubleshooting/errors#no-such-element-exception
Build info: version: &amp;apos;4.34.0&amp;apos;, revision: &amp;apos;707dcb4246*&amp;apos;
System info: os.name: &amp;apos;Windows 10&amp;apos;, os.arch: &amp;apos;amd64&amp;apos;, os.version: &amp;apos;10.0&amp;apos;, java.version: &amp;apos;21.0.7&amp;apos;
Driver info: driver.version: unknown">
      <![CDATA[org.openqa.selenium.NoSuchElementException: Cannot locate option with text: selectByValue
For documentation on this error, please visit: https://www.selenium.dev/documentation/webdriver/troubleshooting/errors#no-such-element-exception
Build info: version: '4.34.0', revision: '707dcb4246*'
System info: os.name: 'Windows 10', os.arch: 'amd64', os.version: '10.0', java.version: '21.0.7'
Driver info: driver.version: unknown
at org.openqa.selenium.support.ui.Select.selectByContainsVisibleText(Select.java:236)
at pages.base.BasePage.selectDropDown(BasePage.java:182)
at page.objects.searchedCarPage.sortUsingDropDown(searchedCarPage.java:8)
at stepDefinitions.SearchAndSortSteps.user_clicks_on_sort_dropdown_and_select_sort_using_price_low_to_high(SearchAndSortSteps.java:25)
at âœ½.User clicks on Sort dropdown and select sort using "Price - High to Low"(file:///E:/Selenium%20Frameworks/CucumberPageObjectFramework/src/test/resources/features/searchCarUnderXXRupeesAndTestSortFunctionality.feature:8)
]]>
    </failure>
  </testcase> <!-- runScenario -->
</testsuite> <!-- Test -->
